d:\work\cakemaker\cakemaker\cakemaker\debug\vc142.pdb
d:\work\cakemaker\cakemaker\cakemaker\debug\vc142.idb
d:\work\cakemaker\cakemaker\cakemaker\debug\menurepository.obj
d:\work\cakemaker\cakemaker\cakemaker\debug\main.obj
d:\work\cakemaker\cakemaker\cakemaker\debug\commandtaker.obj
d:\work\cakemaker\cakemaker\cakemaker\debug\commandrepository.obj
d:\work\cakemaker\cakemaker\cakemaker\debug\command.obj
d:\work\cakemaker\cakemaker\cakemaker\debug\carouselofcakes.obj
d:\work\cakemaker\cakemaker\cakemaker\debug\cakemaker.obj
d:\work\cakemaker\cakemaker\cakemaker\debug\cake.obj
d:\work\cakemaker\cakemaker\cakemaker\debug\commandpanel.obj
d:\work\cakemaker\cakemaker\debug\cakemaker.pdb
d:\work\cakemaker\cakemaker\cakemaker\debug\cakemaker.tlog\cl.command.1.tlog
d:\work\cakemaker\cakemaker\cakemaker\debug\cakemaker.tlog\cl.read.1.tlog
d:\work\cakemaker\cakemaker\cakemaker\debug\cakemaker.tlog\cl.write.1.tlog
d:\work\cakemaker\cakemaker\cakemaker\debug\cakemaker.tlog\link-cvtres.read.1.tlog
d:\work\cakemaker\cakemaker\cakemaker\debug\cakemaker.tlog\link-cvtres.write.1.tlog
d:\work\cakemaker\cakemaker\cakemaker\debug\cakemaker.tlog\link-rc.read.1.tlog
d:\work\cakemaker\cakemaker\cakemaker\debug\cakemaker.tlog\link-rc.write.1.tlog
d:\work\cakemaker\cakemaker\cakemaker\debug\cakemaker.tlog\link.command.1.tlog
d:\work\cakemaker\cakemaker\cakemaker\debug\cakemaker.tlog\link.read.1.tlog
d:\work\cakemaker\cakemaker\cakemaker\debug\cakemaker.tlog\link.write.1.tlog
